[10:32:45] [connected at Mon Feb  3 10:32:45 2014]
[10:32:47] [Joined #comssa_test]
[10:32:58] <Kye> http://dongs.org
[10:36:09] [disconnected at Mon Feb  3 10:36:09 2014]
[10:36:11] [connected at Mon Feb  3 10:36:11 2014]
[10:36:15] [Joined #comssa_test]
[10:36:18] <Kye> http://dongs.org
[10:36:41] [disconnected at Mon Feb  3 10:36:41 2014]
[10:36:42] [connected at Mon Feb  3 10:36:42 2014]
[10:36:44] [Joined #comssa_test]
[10:36:45] <Kye> dongs.org
[10:36:49] <Kye> http://dongs.org
[10:39:47] [disconnected at Mon Feb  3 10:39:47 2014]
[10:39:49] [connected at Mon Feb  3 10:39:49 2014]
[10:39:51] [Joined #comssa_test]
[10:39:54] <Kye> http://dongs.org
[10:39:54] <khlavkalash_> URL is ['http://dongs.org']
[10:40:29] [disconnected at Mon Feb  3 10:40:29 2014]
[10:40:31] [connected at Mon Feb  3 10:40:31 2014]
[10:40:33] [Joined #comssa_test]
[10:40:35] <Kye> http://dongs.org
[10:40:35] <khlavkalash_> URL is ['http://dongs.org']
[10:40:39] [disconnected at Mon Feb  3 10:40:39 2014]
[10:40:46] [connected at Mon Feb  3 10:40:46 2014]
[10:40:48] [Joined #comssa_test]
[10:40:51] <Kye> http://dongs.org
[10:41:04] [disconnected at Mon Feb  3 10:41:04 2014]
[10:41:06] [connected at Mon Feb  3 10:41:06 2014]
[10:41:08] [Joined #comssa_test]
[10:41:12] <Kye> http://dongs.org
[10:41:12] <khlavkalash_> URL is http://dongs.org
[10:41:21] <Kye> https://dongs.org
[10:41:21] <khlavkalash_> URL is https://dongs.org
[10:41:29] <Kye> https://dongs.org/index.php?cid=220323&ad=4
[10:41:29] <khlavkalash_> URL is https://dongs.org/index.php?cid=220323&ad=4
[10:53:54] [disconnected at Mon Feb  3 10:53:54 2014]
[10:54:55] [connected at Mon Feb  3 10:54:55 2014]
[10:54:57] [Joined #comssa_test]
[10:55:06] <Kye> http://google.com
[10:55:19] [disconnected at Mon Feb  3 10:55:19 2014]
[10:56:28] [connected at Mon Feb  3 10:56:28 2014]
[10:56:31] [Joined #comssa_test]
[10:56:35] <Kye> http://google.com
[10:57:21] [disconnected at Mon Feb  3 10:57:21 2014]
[10:57:23] [connected at Mon Feb  3 10:57:23 2014]
[10:57:25] [Joined #comssa_test]
[10:57:27] <Kye> http://google.com
[10:58:03] [disconnected at Mon Feb  3 10:58:03 2014]
[10:58:04] [connected at Mon Feb  3 10:58:04 2014]
[10:58:06] [Joined #comssa_test]
[10:58:10] <Kye> http://google.com
[10:58:31] [disconnected at Mon Feb  3 10:58:31 2014]
[11:00:20] [connected at Mon Feb  3 11:00:20 2014]
[11:00:23] [Joined #comssa_test]
[11:00:26] <Kye> http://google.com
[11:06:35] [disconnected at Mon Feb  3 11:06:35 2014]
[11:06:36] [connected at Mon Feb  3 11:06:36 2014]
[11:06:38] [Joined #comssa_test]
[11:07:02] <Kye> http://google.com
[11:08:01] [disconnected at Mon Feb  3 11:08:01 2014]
[11:08:02] [connected at Mon Feb  3 11:08:02 2014]
[11:08:04] [Joined #comssa_test]
[11:08:07] <Kye> http://google.com
[11:08:35] [disconnected at Mon Feb  3 11:08:35 2014]
[11:08:36] [connected at Mon Feb  3 11:08:36 2014]
[11:08:38] [Joined #comssa_test]
[11:08:51] <Kye> http://google.com
[11:17:01] [disconnected at Mon Feb  3 11:17:01 2014]
[11:17:02] [connected at Mon Feb  3 11:17:02 2014]
[11:17:04] [Joined #comssa_test]
[11:17:12] <Kye> ,uptime
[11:19:58] [disconnected at Mon Feb  3 11:19:58 2014]
[11:19:59] [connected at Mon Feb  3 11:19:59 2014]
[11:20:01] [Joined #comssa_test]
[11:20:09] <Kye> ,uptime
[11:20:10] <khlavkalash_> Uptime for justworks.local: 11:20  up 4 days, 14:22, 3 users, load averages: 0.65 0.55 0.51

[11:26:02] [disconnected at Mon Feb  3 11:26:02 2014]
[11:26:06] [connected at Mon Feb  3 11:26:06 2014]
[11:26:08] [Joined #comssa_test]
[11:26:20] <Kye> http://google.com
[11:32:30] [disconnected at Mon Feb  3 11:32:30 2014]
[11:32:31] [connected at Mon Feb  3 11:32:31 2014]
[11:32:33] [Joined #comssa_test]
[11:32:49] <Kye> http://google.com
[11:32:54] [disconnected at Mon Feb  3 11:32:54 2014]
[11:33:17] [connected at Mon Feb  3 11:33:17 2014]
[11:33:19] [Joined #comssa_test]
[11:33:21] <Kye> http://google.com
[11:37:06] [disconnected at Mon Feb  3 11:37:06 2014]
[11:37:07] [connected at Mon Feb  3 11:37:07 2014]
[11:37:09] [Joined #comssa_test]
[11:37:19] <Kye> http://google.com
[11:38:13] [disconnected at Mon Feb  3 11:38:13 2014]
[11:38:14] [connected at Mon Feb  3 11:38:14 2014]
[11:38:17] [Joined #comssa_test]
[11:38:51] <Kye> http://google.com
[11:39:02] [disconnected at Mon Feb  3 11:39:02 2014]
